<?xml version="1.0" encoding="UTF-8"?><testsuite errors="1" failures="0" name="Login With Data" skipped="0" tests="1" time="9.44" timestamp="2019-04-05 02:20:07"><testcase name="Login on gmail"><error type="java.lang.NullPointerException"/><system-err>null&#13;
com.gmail.mailsenderscreenplay.tasks.LoginOnGmail.&lt;init&gt;(LoginOnGmail.java:20)&#13;
com.gmail.mailsenderscreenplay.tasks.LoginOnGmail.withCredentials(LoginOnGmail.java:34)&#13;
com.gmail.qa.mailsenderscreenplay.stepdefinitions.LoginStepDefinitions.wePutTheCredentialsAnd(LoginStepDefinitions.java:39)&#13;
cucumber.runner.Runner.runPickle(Runner.java:80)&#13;
org.eclipse.jdt.internal.junit4.runner.JUnit4TestReference.run(JUnit4TestReference.java:89)&#13;
org.eclipse.jdt.internal.junit.runner.TestExecution.run(TestExecution.java:41)&#13;
org.eclipse.jdt.internal.junit.runner.RemoteTestRunner.runTests(RemoteTestRunner.java:541)&#13;
org.eclipse.jdt.internal.junit.runner.RemoteTestRunner.runTests(RemoteTestRunner.java:763)&#13;
org.eclipse.jdt.internal.junit.runner.RemoteTestRunner.run(RemoteTestRunner.java:463)&#13;
org.eclipse.jdt.internal.junit.runner.RemoteTestRunner.main(RemoteTestRunner.java:209)&#13;
</system-err></testcase></testsuite>